app/build/outputs/logs/manifest-merger-debug-report.txt
-- Merging decision tree log ---
manifest
ADDED from src\main\AndroidManifest.xml:2:1-494:12
	xmlns:android
		ADDED from src\main\AndroidManifest.xml:2:11-69
	package
		ADDED from src\main\AndroidManifest.xml:3:5-34
		INJECTED from src\main\AndroidManifest.xml
		INJECTED from src\main\AndroidManifest.xml
	android:versionName
		ADDED from src\main\AndroidManifest.xml:5:5-32
		INJECTED from src\main\AndroidManifest.xml
		INJECTED from src\main\AndroidManifest.xml
	android:versionCode
		ADDED from src\main\AndroidManifest.xml:4:5-28
		INJECTED from src\main\AndroidManifest.xml
		INJECTED from src\main\AndroidManifest.xml
uses-sdk
ADDED from src\main\AndroidManifest.xml:7:5-9:41
MERGED from [com.android.support:support-v4:22.2.1] AndroidManifest.xml:20:5-43
	android:targetSdkVersion
		ADDED from src\main\AndroidManifest.xml:9:9-38
		INJECTED from src\main\AndroidManifest.xml
		INJECTED from src\main\AndroidManifest.xml
	android:minSdkVersion
		ADDED from src\main\AndroidManifest.xml:8:9-35
		INJECTED from src\main\AndroidManifest.xml
		INJECTED from src\main\AndroidManifest.xml
uses-permission#android.permission.MODIFY_AUDIO_SETTINGS
ADDED from src\main\AndroidManifest.xml:11:5-80
	android:name
		ADDED from src\main\AndroidManifest.xml:11:22-77
uses-permission#android.permission.RECORD_AUDIO
ADDED from src\main\AndroidManifest.xml:12:5-71
	android:name
		ADDED from src\main\AndroidManifest.xml:12:22-68
uses-permission#android.permission.CHANGE_NETWORK_STATE
ADDED from src\main\AndroidManifest.xml:13:5-79
	android:name
		ADDED from src\main\AndroidManifest.xml:13:22-76
uses-permission#android.permission.INTERNET
ADDED from src\main\AndroidManifest.xml:14:5-67
	android:name
		ADDED from src\main\AndroidManifest.xml:14:22-64
uses-permission#android.permission.WRITE_EXTERNAL_STORAGE
ADDED from src\main\AndroidManifest.xml:15:5-81
	android:name
		ADDED from src\main\AndroidManifest.xml:15:22-78
uses-permission#android.permission.ACCESS_WIFI_STATE
ADDED from src\main\AndroidManifest.xml:16:5-76
	android:name
		ADDED from src\main\AndroidManifest.xml:16:22-73
uses-permission#android.permission.ACCESS_NETWORK_STATE
ADDED from src\main\AndroidManifest.xml:17:5-79
	android:name
		ADDED from src\main\AndroidManifest.xml:17:22-76
uses-permission#android.permission.SYSTEM_ALERT_WINDOW
ADDED from src\main\AndroidManifest.xml:18:5-78
	android:name
		ADDED from src\main\AndroidManifest.xml:18:22-75
uses-permission#android.permission.READ_PHONE_STATE
ADDED from src\main\AndroidManifest.xml:19:5-75
	android:name
		ADDED from src\main\AndroidManifest.xml:19:22-72
uses-permission#android.permission.BROADCAST_STICKY
ADDED from src\main\AndroidManifest.xml:20:5-75
	android:name
		ADDED from src\main\AndroidManifest.xml:20:22-72
uses-permission#android.permission.WRITE_SETTINGS
ADDED from src\main\AndroidManifest.xml:21:5-73
	android:name
		ADDED from src\main\AndroidManifest.xml:21:22-70
uses-permission#android.permission.VIBRATE
ADDED from src\main\AndroidManifest.xml:22:5-66
	android:name
		ADDED from src\main\AndroidManifest.xml:22:22-63
uses-permission#android.permission.DISABLE_KEYGUARD
ADDED from src\main\AndroidManifest.xml:24:5-75
	android:name
		ADDED from src\main\AndroidManifest.xml:24:22-72
uses-permission#android.permission.ACCESS_COARSE_LOCATION
ADDED from src\main\AndroidManifest.xml:25:5-81
	android:name
		ADDED from src\main\AndroidManifest.xml:25:22-78
uses-permission#android.permission.ACCESS_FINE_LOCATION
ADDED from src\main\AndroidManifest.xml:26:5-79
	android:name
		ADDED from src\main\AndroidManifest.xml:26:22-76
uses-permission#android.permission.CALL_PHONE
ADDED from src\main\AndroidManifest.xml:27:5-69
	android:name
		ADDED from src\main\AndroidManifest.xml:27:22-66
uses-permission#android.permission.KILL_BACKGROUND_PROCESSES
ADDED from src\main\AndroidManifest.xml:28:5-84
	android:name
		ADDED from src\main\AndroidManifest.xml:28:22-81
uses-permission#android.permission.GET_TASKS
ADDED from src\main\AndroidManifest.xml:29:5-68
	android:name
		ADDED from src\main\AndroidManifest.xml:29:22-65
uses-permission#android.permission.RECEIVE_BOOT_COMPLETED
ADDED from src\main\AndroidManifest.xml:30:5-81
	android:name
		ADDED from src\main\AndroidManifest.xml:30:22-78
uses-permission#android.permission.WAKE_LOCK
ADDED from src\main\AndroidManifest.xml:31:5-68
	android:name
		ADDED from src\main\AndroidManifest.xml:31:22-65
uses-permission#android.permission.CHANGE_WIFI_STATE
ADDED from src\main\AndroidManifest.xml:34:5-76
	android:name
		ADDED from src\main\AndroidManifest.xml:34:22-73
uses-permission#getui.permission.GetuiService.com.funmi.lehuitong
ADDED from src\main\AndroidManifest.xml:35:5-89
	android:name
		ADDED from src\main\AndroidManifest.xml:35:22-86
uses-permission#com.android.launcher.permission.READ_SETTINGS
ADDED from src\main\AndroidManifest.xml:40:5-84
	android:name
		ADDED from src\main\AndroidManifest.xml:40:22-82
uses-permission#android.permission.ACCESS_GPS
ADDED from src\main\AndroidManifest.xml:44:5-68
	android:name
		ADDED from src\main\AndroidManifest.xml:44:22-66
uses-permission#android.permission.READ_CONTACTS
ADDED from src\main\AndroidManifest.xml:46:5-71
	android:name
		ADDED from src\main\AndroidManifest.xml:46:22-69
uses-permission#android.permission.READ_SMS
ADDED from src\main\AndroidManifest.xml:48:5-66
	android:name
		ADDED from src\main\AndroidManifest.xml:48:22-64
uses-permission#android.permission.SEND_SMS
ADDED from src\main\AndroidManifest.xml:49:5-66
	android:name
		ADDED from src\main\AndroidManifest.xml:49:22-64
uses-permission#android.permission.CAMERA
ADDED from src\main\AndroidManifest.xml:52:5-53:23
	android:name
		ADDED from src\main\AndroidManifest.xml:52:22-62
uses-permission#android.permission.PROCESS_OUTGOING_CALLS
ADDED from src\main\AndroidManifest.xml:62:5-63:23
	android:name
		ADDED from src\main\AndroidManifest.xml:62:22-78
permission#getui.permission.GetuiService.com.funmi.lehuitong
ADDED from src\main\AndroidManifest.xml:66:5-69:18
	android:protectionLevel
		ADDED from src\main\AndroidManifest.xml:68:9-41
	android:name
		ADDED from src\main\AndroidManifest.xml:67:9-73
application
ADDED from src\main\AndroidManifest.xml:71:5-492:19
MERGED from [com.android.support:support-v4:22.2.1] AndroidManifest.xml:22:5-20
	android:label
		ADDED from src\main\AndroidManifest.xml:74:9-28
	android:icon
		ADDED from src\main\AndroidManifest.xml:73:9-38
	android:theme
		ADDED from src\main\AndroidManifest.xml:75:9-43
	android:name
		ADDED from src\main\AndroidManifest.xml:72:9-58
meta-data#UMENG_APPKEY
ADDED from src\main\AndroidManifest.xml:78:9-80:55
	android:name
		ADDED from src\main\AndroidManifest.xml:79:13-40
	android:value
		ADDED from src\main\AndroidManifest.xml:80:13-53
meta-data#UMENG_CHANNEL
ADDED from src\main\AndroidManifest.xml:81:9-83:42
	android:name
		ADDED from src\main\AndroidManifest.xml:82:13-41
	android:value
		ADDED from src\main\AndroidManifest.xml:83:13-39
meta-data#PUSH_APPID
ADDED from src\main\AndroidManifest.xml:88:9-90:54
	android:name
		ADDED from src\main\AndroidManifest.xml:89:13-38
	android:value
		ADDED from src\main\AndroidManifest.xml:90:13-51
meta-data#PUSH_APPKEY
ADDED from src\main\AndroidManifest.xml:92:9-94:54
	android:name
		ADDED from src\main\AndroidManifest.xml:93:13-39
	android:value
		ADDED from src\main\AndroidManifest.xml:94:13-51
meta-data#PUSH_APPSECRET
ADDED from src\main\AndroidManifest.xml:96:9-98:54
	android:name
		ADDED from src\main\AndroidManifest.xml:97:13-42
	android:value
		ADDED from src\main\AndroidManifest.xml:98:13-51
meta-data#PUSH_GROUPID
ADDED from src\main\AndroidManifest.xml:100:9-102:32
	android:name
		ADDED from src\main\AndroidManifest.xml:101:13-40
	android:value
		ADDED from src\main\AndroidManifest.xml:102:13-29
service#com.umeng.update.net.DownloadingService
ADDED from src\main\AndroidManifest.xml:104:9-107:19
	android:process
		ADDED from src\main\AndroidManifest.xml:106:13-50
	android:name
		ADDED from src\main\AndroidManifest.xml:105:13-67
activity#com.umeng.update.UpdateDialogActivity
ADDED from src\main\AndroidManifest.xml:109:9-112:20
	android:theme
		ADDED from src\main\AndroidManifest.xml:111:13-72
	android:name
		ADDED from src\main\AndroidManifest.xml:110:13-65
service#com.igexin.sdk.PushService
ADDED from src\main\AndroidManifest.xml:115:9-120:19
	android:label
		ADDED from src\main\AndroidManifest.xml:118:13-47
	android:process
		ADDED from src\main\AndroidManifest.xml:119:13-43
	android:exported
		ADDED from src\main\AndroidManifest.xml:117:13-36
	android:name
		ADDED from src\main\AndroidManifest.xml:116:13-54
receiver#com.android.lehuitong.tuisongdemo.PushDemoReceiver
ADDED from src\main\AndroidManifest.xml:122:9-128:20
	android:exported
		ADDED from src\main\AndroidManifest.xml:124:13-37
	android:name
		ADDED from src\main\AndroidManifest.xml:123:13-78
intent-filter#com.igexin.sdk.action.sahi4JdxJv8brIHaWAms31
ADDED from src\main\AndroidManifest.xml:125:13-127:29
action#com.igexin.sdk.action.sahi4JdxJv8brIHaWAms31
ADDED from src\main\AndroidManifest.xml:126:17-87
	android:name
		ADDED from src\main\AndroidManifest.xml:126:25-84
receiver#com.igexin.sdk.PushReceiver
ADDED from src\main\AndroidManifest.xml:129:9-136:20
	android:name
		ADDED from src\main\AndroidManifest.xml:129:19-61
intent-filter#android.intent.action.BOOT_COMPLETED+android.intent.action.USER_PRESENT+android.net.conn.CONNECTIVITY_CHANGE+com.igexin.sdk.action.refreshls
ADDED from src\main\AndroidManifest.xml:130:13-135:29
action#android.intent.action.BOOT_COMPLETED
ADDED from src\main\AndroidManifest.xml:131:17-79
	android:name
		ADDED from src\main\AndroidManifest.xml:131:25-76
action#android.net.conn.CONNECTIVITY_CHANGE
ADDED from src\main\AndroidManifest.xml:132:17-79
	android:name
		ADDED from src\main\AndroidManifest.xml:132:25-76
action#android.intent.action.USER_PRESENT
ADDED from src\main\AndroidManifest.xml:133:17-77
	android:name
		ADDED from src\main\AndroidManifest.xml:133:25-74
action#com.igexin.sdk.action.refreshls
ADDED from src\main\AndroidManifest.xml:134:17-74
	android:name
		ADDED from src\main\AndroidManifest.xml:134:25-71
receiver#com.igexin.sdk.PushManagerReceiver
ADDED from src\main\AndroidManifest.xml:137:9-143:20
	android:exported
		ADDED from src\main\AndroidManifest.xml:139:13-37
	android:name
		ADDED from src\main\AndroidManifest.xml:138:13-62
intent-filter#com.igexin.sdk.action.pushmanager
ADDED from src\main\AndroidManifest.xml:140:13-142:29
action#com.igexin.sdk.action.pushmanager
ADDED from src\main\AndroidManifest.xml:141:17-76
	android:name
		ADDED from src\main\AndroidManifest.xml:141:25-73
activity#com.igexin.sdk.PushActivity
ADDED from src\main\AndroidManifest.xml:145:9-152:20
	android:theme
		ADDED from src\main\AndroidManifest.xml:151:13-72
	android:process
		ADDED from src\main\AndroidManifest.xml:149:13-43
	android:exported
		ADDED from src\main\AndroidManifest.xml:148:13-37
	android:excludeFromRecents
		ADDED from src\main\AndroidManifest.xml:147:13-46
	android:taskAffinity
		ADDED from src\main\AndroidManifest.xml:150:13-67
	android:name
		ADDED from src\main\AndroidManifest.xml:146:13-55
activity#com.igexin.getuiext.activity.GetuiExtActivity
ADDED from src\main\AndroidManifest.xml:154:9-161:75
	android:configChanges
		ADDED from src\main\AndroidManifest.xml:156:13-72
	android:theme
		ADDED from src\main\AndroidManifest.xml:161:13-72
	android:process
		ADDED from src\main\AndroidManifest.xml:159:13-43
	android:exported
		ADDED from src\main\AndroidManifest.xml:158:13-37
	android:excludeFromRecents
		ADDED from src\main\AndroidManifest.xml:157:13-46
	android:taskAffinity
		ADDED from src\main\AndroidManifest.xml:160:13-62
	android:name
		ADDED from src\main\AndroidManifest.xml:155:13-73
receiver#com.igexin.getuiext.service.PayloadReceiver
ADDED from src\main\AndroidManifest.xml:163:9-173:20
	android:exported
		ADDED from src\main\AndroidManifest.xml:165:13-37
	android:name
		ADDED from src\main\AndroidManifest.xml:164:13-71
intent-filter#com.igexin.sdk.action.7fjUl2Z3LH6xYy7NQK4ni4+com.igexin.sdk.action.sahi4JdxJv8brIHaWAms31
ADDED from src\main\AndroidManifest.xml:166:13-172:29
action#com.igexin.sdk.action.7fjUl2Z3LH6xYy7NQK4ni4
ADDED from src\main\AndroidManifest.xml:169:17-87
	android:name
		ADDED from src\main\AndroidManifest.xml:169:25-84
service#com.igexin.getuiext.service.GetuiExtService
ADDED from src\main\AndroidManifest.xml:175:9-177:46
	android:process
		ADDED from src\main\AndroidManifest.xml:177:13-43
	android:name
		ADDED from src\main\AndroidManifest.xml:176:13-71
service#com.igexin.download.DownloadService
ADDED from src\main\AndroidManifest.xml:179:9-181:46
	android:process
		ADDED from src\main\AndroidManifest.xml:181:13-43
	android:name
		ADDED from src\main\AndroidManifest.xml:180:13-63
receiver#com.igexin.download.DownloadReceiver
ADDED from src\main\AndroidManifest.xml:183:9-187:20
	android:name
		ADDED from src\main\AndroidManifest.xml:183:19-70
intent-filter#android.net.conn.CONNECTIVITY_CHANGE
ADDED from src\main\AndroidManifest.xml:184:13-186:29
provider#com.igexin.download.DownloadProvider
ADDED from src\main\AndroidManifest.xml:189:9-192:46
	android:process
		ADDED from src\main\AndroidManifest.xml:192:13-43
	android:authorities
		ADDED from src\main\AndroidManifest.xml:191:13-64
	android:name
		ADDED from src\main\AndroidManifest.xml:190:13-64
activity#com.BeeFramework.activity.DebugTabActivity
ADDED from src\main\AndroidManifest.xml:195:9-198:52
	android:screenOrientation
		ADDED from src\main\AndroidManifest.xml:198:13-49
	android:name
		ADDED from src\main\AndroidManifest.xml:196:13-70
	android:launchMode
		ADDED from src\main\AndroidManifest.xml:197:13-44
activity#com.BeeFramework.activity.ActivityLifeCycleActivity
ADDED from src\main\AndroidManifest.xml:199:9-201:52
	android:screenOrientation
		ADDED from src\main\AndroidManifest.xml:201:13-49
	android:name
		ADDED from src\main\AndroidManifest.xml:200:13-79
activity#com.BeeFramework.activity.DebugMessageListActivity
ADDED from src\main\AndroidManifest.xml:202:9-204:52
	android:screenOrientation
		ADDED from src\main\AndroidManifest.xml:204:13-49
	android:name
		ADDED from src\main\AndroidManifest.xml:203:13-78
activity#com.BeeFramework.activity.DebugDetailActivity
ADDED from src\main\AndroidManifest.xml:205:9-207:52
	android:screenOrientation
		ADDED from src\main\AndroidManifest.xml:207:13-49
	android:name
		ADDED from src\main\AndroidManifest.xml:206:13-73
activity#com.BeeFramework.activity.MemoryMessageActivity
ADDED from src\main\AndroidManifest.xml:208:9-210:52
	android:screenOrientation
		ADDED from src\main\AndroidManifest.xml:210:13-49
	android:name
		ADDED from src\main\AndroidManifest.xml:209:13-75
activity#com.BeeFramework.activity.FloatViewSettingActivity
ADDED from src\main\AndroidManifest.xml:211:9-213:52
	android:screenOrientation
		ADDED from src\main\AndroidManifest.xml:213:13-49
	android:name
		ADDED from src\main\AndroidManifest.xml:212:13-78
activity#com.BeeFramework.activity.CrashLogActivity
ADDED from src\main\AndroidManifest.xml:214:9-216:52
	android:screenOrientation
		ADDED from src\main\AndroidManifest.xml:216:13-49
	android:name
		ADDED from src\main\AndroidManifest.xml:215:13-70
activity#com.BeeFramework.activity.CrashLogDetailActivity
ADDED from src\main\AndroidManifest.xml:217:9-219:52
	android:screenOrientation
		ADDED from src\main\AndroidManifest.xml:219:13-49
	android:name
		ADDED from src\main\AndroidManifest.xml:218:13-76
activity#com.example.activity.TrendActivity
ADDED from src\main\AndroidManifest.xml:220:9-222:52
	android:screenOrientation
		ADDED from src\main\AndroidManifest.xml:222:13-49
	android:name
		ADDED from src\main\AndroidManifest.xml:221:13-62
activity#com.BeeFramework.activity.DebugCancelDialogActivity
ADDED from src\main\AndroidManifest.xml:223:9-226:45
	android:screenOrientation
		ADDED from src\main\AndroidManifest.xml:225:13-49
	android:theme
		ADDED from src\main\AndroidManifest.xml:226:13-42
	android:name
		ADDED from src\main\AndroidManifest.xml:224:13-79
activity#com.example.activity.TeamIntroduction
ADDED from src\main\AndroidManifest.xml:227:9-229:52
	android:screenOrientation
		ADDED from src\main\AndroidManifest.xml:229:13-49
	android:name
		ADDED from src\main\AndroidManifest.xml:228:13-65
activity#com.BeeFramework.activity.WebViewActivity
ADDED from src\main\AndroidManifest.xml:230:9-232:52
	android:screenOrientation
		ADDED from src\main\AndroidManifest.xml:232:13-49
	android:name
		ADDED from src\main\AndroidManifest.xml:231:13-69
activity#com.BeeFramework.activity.StartActivity
ADDED from src\main\AndroidManifest.xml:233:9-235:52
	android:screenOrientation
		ADDED from src\main\AndroidManifest.xml:235:13-49
	android:name
		ADDED from src\main\AndroidManifest.xml:234:13-67
activity#com.android.lehuitong.activity.LehuitongMainActivity
ADDED from src\main\AndroidManifest.xml:236:9-239:20
	android:screenOrientation
		ADDED from src\main\AndroidManifest.xml:238:13-49
	android:name
		ADDED from src\main\AndroidManifest.xml:237:13-80
activity#com.android.lehuitong.activity.EnterActivity
ADDED from src\main\AndroidManifest.xml:240:9-256:20
	android:screenOrientation
		ADDED from src\main\AndroidManifest.xml:242:13-49
	android:name
		ADDED from src\main\AndroidManifest.xml:241:13-72
intent-filter#android.intent.action.MAIN+android.intent.category.LAUNCHER
ADDED from src\main\AndroidManifest.xml:243:13-247:29
action#android.intent.action.MAIN
ADDED from src\main\AndroidManifest.xml:244:17-69
	android:name
		ADDED from src\main\AndroidManifest.xml:244:25-66
category#android.intent.category.LAUNCHER
ADDED from src\main\AndroidManifest.xml:246:17-77
	android:name
		ADDED from src\main\AndroidManifest.xml:246:27-74
intent-filter#android.intent.action.VIEW+android.intent.category.DEFAULT
ADDED from src\main\AndroidManifest.xml:249:13-255:29
action#android.intent.action.VIEW
ADDED from src\main\AndroidManifest.xml:250:17-69
	android:name
		ADDED from src\main\AndroidManifest.xml:250:25-66
category#android.intent.category.DEFAULT
ADDED from src\main\AndroidManifest.xml:252:17-76
	android:name
		ADDED from src\main\AndroidManifest.xml:252:27-73
data
ADDED from src\main\AndroidManifest.xml:254:17-61
	android:scheme
		ADDED from src\main\AndroidManifest.xml:254:23-58
activity#com.funmi.lehuitong.wxapi.WXPayEntryActivity
ADDED from src\main\AndroidManifest.xml:258:9-263:20
	android:theme
		ADDED from src\main\AndroidManifest.xml:262:13-61
	android:exported
		ADDED from src\main\AndroidManifest.xml:260:13-36
	android:name
		ADDED from src\main\AndroidManifest.xml:259:13-53
	android:launchMode
		ADDED from src\main\AndroidManifest.xml:261:13-43
receiver#com.android.lehuitong.pay.wechat.AppRegister
ADDED from src\main\AndroidManifest.xml:265:9-269:20
	android:name
		ADDED from src\main\AndroidManifest.xml:265:19-78
intent-filter#com.tencent.mm.plugin.openapi.Intent.ACTION_REFRESH_WXAPP
ADDED from src\main\AndroidManifest.xml:266:13-268:29
action#com.tencent.mm.plugin.openapi.Intent.ACTION_REFRESH_WXAPP
ADDED from src\main\AndroidManifest.xml:267:17-100
	android:name
		ADDED from src\main\AndroidManifest.xml:267:25-97
activity#com.android.lehuitong.activity.RegisterActivity
ADDED from src\main\AndroidManifest.xml:271:9-274:20
	android:screenOrientation
		ADDED from src\main\AndroidManifest.xml:273:13-49
	android:name
		ADDED from src\main\AndroidManifest.xml:272:13-75
activity#com.android.lehuitong.activity.GalleryImageActivity
ADDED from src\main\AndroidManifest.xml:275:9-278:20
	android:screenOrientation
		ADDED from src\main\AndroidManifest.xml:277:13-49
	android:name
		ADDED from src\main\AndroidManifest.xml:276:13-79
activity#com.android.lehuitong.activity.LoginActivity
ADDED from src\main\AndroidManifest.xml:279:9-282:20
	android:screenOrientation
		ADDED from src\main\AndroidManifest.xml:281:13-49
	android:name
		ADDED from src\main\AndroidManifest.xml:280:13-72
activity#com.android.lehuitong.activity.MyselfDataActivity
ADDED from src\main\AndroidManifest.xml:283:9-286:20
	android:screenOrientation
		ADDED from src\main\AndroidManifest.xml:285:13-49
	android:name
		ADDED from src\main\AndroidManifest.xml:284:13-77
activity#com.android.lehuitong.activity.FindPasswordActivity
ADDED from src\main\AndroidManifest.xml:287:9-290:20
	android:screenOrientation
		ADDED from src\main\AndroidManifest.xml:289:13-49
	android:name
		ADDED from src\main\AndroidManifest.xml:288:13-79
activity#com.android.lehuitong.activity.CouponOrderActivity
ADDED from src\main\AndroidManifest.xml:291:9-294:20
	android:screenOrientation
		ADDED from src\main\AndroidManifest.xml:293:13-49
	android:name
		ADDED from src\main\AndroidManifest.xml:292:13-78
activity#com.android.lehuitong.activity.BuyOrderDetailActivity
ADDED from src\main\AndroidManifest.xml:295:9-298:20
	android:screenOrientation
		ADDED from src\main\AndroidManifest.xml:297:13-49
	android:name
		ADDED from src\main\AndroidManifest.xml:296:13-81
activity#com.android.lehuitong.activity.HiActivity
ADDED from src\main\AndroidManifest.xml:299:9-302:20
	android:screenOrientation
		ADDED from src\main\AndroidManifest.xml:301:13-49
	android:name
		ADDED from src\main\AndroidManifest.xml:300:13-69
activity#com.android.lehuitong.activity.AddressManagerActivity
ADDED from src\main\AndroidManifest.xml:303:9-306:20
	android:screenOrientation
		ADDED from src\main\AndroidManifest.xml:305:13-49
	android:name
		ADDED from src\main\AndroidManifest.xml:304:13-81
activity#com.android.lehuitong.activity.KtvLocationChooseActivity
ADDED from src\main\AndroidManifest.xml:307:9-310:20
	android:screenOrientation
		ADDED from src\main\AndroidManifest.xml:309:13-49
	android:name
		ADDED from src\main\AndroidManifest.xml:308:13-84
activity#com.android.lehuitong.activity.AboutUsActivity
ADDED from src\main\AndroidManifest.xml:311:9-314:20
	android:screenOrientation
		ADDED from src\main\AndroidManifest.xml:313:13-49
	android:name
		ADDED from src\main\AndroidManifest.xml:312:13-74
activity#com.android.lehuitong.activity.MyCartActivity
ADDED from src\main\AndroidManifest.xml:315:9-318:20
	android:screenOrientation
		ADDED from src\main\AndroidManifest.xml:317:13-49
	android:name
		ADDED from src\main\AndroidManifest.xml:316:13-73
activity#com.android.lehuitong.activity.FeedBackActivity
ADDED from src\main\AndroidManifest.xml:319:9-322:20
	android:screenOrientation
		ADDED from src\main\AndroidManifest.xml:321:13-49
	android:name
		ADDED from src\main\AndroidManifest.xml:320:13-75
activity#com.android.lehuitong.activity.MyCouponsActivity
ADDED from src\main\AndroidManifest.xml:323:9-326:20
	android:screenOrientation
		ADDED from src\main\AndroidManifest.xml:325:13-49
	android:name
		ADDED from src\main\AndroidManifest.xml:324:13-76
activity#com.android.lehuitong.activity.MyIntegralActivity
ADDED from src\main\AndroidManifest.xml:327:9-330:20
	android:screenOrientation
		ADDED from src\main\AndroidManifest.xml:329:13-49
	android:name
		ADDED from src\main\AndroidManifest.xml:328:13-77
activity#com.android.lehuitong.activity.MyLeHuiActivity
ADDED from src\main\AndroidManifest.xml:331:9-334:20
	android:screenOrientation
		ADDED from src\main\AndroidManifest.xml:333:13-49
	android:name
		ADDED from src\main\AndroidManifest.xml:332:13-74
activity#com.android.lehuitong.activity.HelpActivity
ADDED from src\main\AndroidManifest.xml:335:9-338:20
	android:screenOrientation
		ADDED from src\main\AndroidManifest.xml:337:13-49
	android:name
		ADDED from src\main\AndroidManifest.xml:336:13-71
activity#com.android.lehuitong.activity.NewAddressActivity
ADDED from src\main\AndroidManifest.xml:339:9-342:20
	android:screenOrientation
		ADDED from src\main\AndroidManifest.xml:341:13-49
	android:name
		ADDED from src\main\AndroidManifest.xml:340:13-77
activity#com.android.lehuitong.activity.PasswordManagerActivity
ADDED from src\main\AndroidManifest.xml:343:9-346:20
	android:screenOrientation
		ADDED from src\main\AndroidManifest.xml:345:13-49
	android:name
		ADDED from src\main\AndroidManifest.xml:344:13-82
activity#com.android.lehuitong.activity.SelectAddressActivity
ADDED from src\main\AndroidManifest.xml:347:9-350:20
	android:screenOrientation
		ADDED from src\main\AndroidManifest.xml:349:13-49
	android:name
		ADDED from src\main\AndroidManifest.xml:348:13-80
activity#com.android.lehuitong.activity.KtvOrderDetailActivity
ADDED from src\main\AndroidManifest.xml:351:9-354:20
	android:screenOrientation
		ADDED from src\main\AndroidManifest.xml:353:13-49
	android:name
		ADDED from src\main\AndroidManifest.xml:352:13-81
activity#com.android.lehuitong.activity.MyOrderActivity
ADDED from src\main\AndroidManifest.xml:355:9-358:20
	android:screenOrientation
		ADDED from src\main\AndroidManifest.xml:357:13-49
	android:name
		ADDED from src\main\AndroidManifest.xml:356:13-74
activity#com.android.lehuitong.activity.ReserveOrederTable
ADDED from src\main\AndroidManifest.xml:359:9-362:20
	android:screenOrientation
		ADDED from src\main\AndroidManifest.xml:361:13-49
	android:name
		ADDED from src\main\AndroidManifest.xml:360:13-77
activity#com.android.lehuitong.activity.BuyOrederTable
ADDED from src\main\AndroidManifest.xml:363:9-366:20
	android:screenOrientation
		ADDED from src\main\AndroidManifest.xml:365:13-49
	android:name
		ADDED from src\main\AndroidManifest.xml:364:13-73
activity#com.android.lehuitong.activity.TallyOrderActivity
ADDED from src\main\AndroidManifest.xml:367:9-370:20
	android:screenOrientation
		ADDED from src\main\AndroidManifest.xml:369:13-49
	android:name
		ADDED from src\main\AndroidManifest.xml:368:13-77
activity#com.android.lehuitong.activity.UserAgreeActivity
ADDED from src\main\AndroidManifest.xml:371:9-374:20
	android:screenOrientation
		ADDED from src\main\AndroidManifest.xml:373:13-49
	android:name
		ADDED from src\main\AndroidManifest.xml:372:13-76
activity#com.android.lehuitong.activity.ShopDetailActivity
ADDED from src\main\AndroidManifest.xml:375:9-378:20
	android:screenOrientation
		ADDED from src\main\AndroidManifest.xml:377:13-49
	android:name
		ADDED from src\main\AndroidManifest.xml:376:13-77
activity#com.android.lehuitong.activity.MyEatInlehuiActivity
ADDED from src\main\AndroidManifest.xml:379:9-382:20
	android:screenOrientation
		ADDED from src\main\AndroidManifest.xml:381:13-49
	android:name
		ADDED from src\main\AndroidManifest.xml:380:13-79
activity#com.android.lehuitong.activity.MyEatSearchActivity
ADDED from src\main\AndroidManifest.xml:383:9-387:20
	android:windowSoftInputMode
		ADDED from src\main\AndroidManifest.xml:386:13-52
	android:screenOrientation
		ADDED from src\main\AndroidManifest.xml:385:13-49
	android:name
		ADDED from src\main\AndroidManifest.xml:384:13-78
activity#com.android.lehuitong.activity.OrderDetailActivity
ADDED from src\main\AndroidManifest.xml:388:9-391:20
	android:screenOrientation
		ADDED from src\main\AndroidManifest.xml:390:13-49
	android:name
		ADDED from src\main\AndroidManifest.xml:389:13-78
activity#com.android.lehuitong.activity.MyEatSearchListActivity
ADDED from src\main\AndroidManifest.xml:392:9-395:20
	android:screenOrientation
		ADDED from src\main\AndroidManifest.xml:394:13-49
	android:name
		ADDED from src\main\AndroidManifest.xml:393:13-82
activity#com.android.lehuitong.activity.MyPurchaseActivity
ADDED from src\main\AndroidManifest.xml:396:9-399:20
	android:screenOrientation
		ADDED from src\main\AndroidManifest.xml:398:13-49
	android:name
		ADDED from src\main\AndroidManifest.xml:397:13-77
activity#com.android.lehuitong.activity.MyCouponDetaliActivity
ADDED from src\main\AndroidManifest.xml:400:9-403:20
	android:screenOrientation
		ADDED from src\main\AndroidManifest.xml:402:13-49
	android:name
		ADDED from src\main\AndroidManifest.xml:401:13-81
activity#com.android.lehuitong.activity.MyPurchaseDetailActivity
ADDED from src\main\AndroidManifest.xml:404:9-407:20
	android:screenOrientation
		ADDED from src\main\AndroidManifest.xml:406:13-49
	android:name
		ADDED from src\main\AndroidManifest.xml:405:13-83
activity#com.android.lehuitong.activity.ChooseAddressActivity
ADDED from src\main\AndroidManifest.xml:408:9-411:20
	android:screenOrientation
		ADDED from src\main\AndroidManifest.xml:410:13-49
	android:name
		ADDED from src\main\AndroidManifest.xml:409:13-80
activity#com.android.lehuitong.activity.UpdateAddressActivity
ADDED from src\main\AndroidManifest.xml:412:9-415:20
	android:screenOrientation
		ADDED from src\main\AndroidManifest.xml:414:13-49
	android:name
		ADDED from src\main\AndroidManifest.xml:413:13-80
activity#com.android.lehuitong.activity.ActivityDetailActivity
ADDED from src\main\AndroidManifest.xml:416:9-419:20
	android:screenOrientation
		ADDED from src\main\AndroidManifest.xml:418:13-49
	android:name
		ADDED from src\main\AndroidManifest.xml:417:13-81
activity#com.android.lehuitong.activity.TallyOrderDialog
ADDED from src\main\AndroidManifest.xml:420:9-423:20
	android:screenOrientation
		ADDED from src\main\AndroidManifest.xml:422:13-49
	android:name
		ADDED from src\main\AndroidManifest.xml:421:13-75
activity#com.android.lehuitong.activity.CouponDetailActivity
ADDED from src\main\AndroidManifest.xml:424:9-427:20
	android:screenOrientation
		ADDED from src\main\AndroidManifest.xml:426:13-49
	android:name
		ADDED from src\main\AndroidManifest.xml:425:13-79
activity#com.android.lehuitong.activity.BuyCouponActivity
ADDED from src\main\AndroidManifest.xml:428:9-431:20
	android:screenOrientation
		ADDED from src\main\AndroidManifest.xml:430:13-49
	android:name
		ADDED from src\main\AndroidManifest.xml:429:13-76
activity#com.android.lehuitong.activity.BannerWebActivity
ADDED from src\main\AndroidManifest.xml:432:9-435:20
	android:screenOrientation
		ADDED from src\main\AndroidManifest.xml:434:13-49
	android:name
		ADDED from src\main\AndroidManifest.xml:433:13-76
activity#com.android.lehuitong.pay.alipay.PayDemoActivity
ADDED from src\main\AndroidManifest.xml:436:9-439:20
	android:screenOrientation
		ADDED from src\main\AndroidManifest.xml:438:13-49
	android:name